已經開始建置於 2022/4/28 下午 08:06:45。
     1>節點 2 (Build 目標) 上的專案 "D:\year4_1\ImgProcess\HW1_F74074041_吳柏萱_V1\HW1_1\HW1_1\HW1_1.vcxproj"。
     1>ClCompile:
         C:\Program Files (x86)\VC\bin\x86_amd64\CL.exe /c /ZI /nologo /W3 /WX- /sdl /Od /D _WINDOWS /D _DEBUG /D _CRT_SECURE_NO_WARNINGS /D _UNICODE /D UNICODE /Gm /EHsc /RTC1 /MTd /GS /fp:precise /Zc:wchar_t /Zc:forScope /Zc:inline /Yc"stdafx.h" /Fp"x64\Debug\HW1_1.pch" /Fo"x64\Debug\\" /Fd"x64\Debug\vc140.pdb" /Gd /TP /errorReport:prompt stdafx.cpp
         stdafx.cpp
         C:\Program Files (x86)\VC\bin\x86_amd64\CL.exe /c /ZI /nologo /W3 /WX- /sdl /Od /D _WINDOWS /D _DEBUG /D _CRT_SECURE_NO_WARNINGS /D _UNICODE /D UNICODE /Gm /EHsc /RTC1 /MTd /GS /fp:precise /Zc:wchar_t /Zc:forScope /Zc:inline /Yu"stdafx.h" /Fp"x64\Debug\HW1_1.pch" /Fo"x64\Debug\\" /Fd"x64\Debug\vc140.pdb" /Gd /TP /errorReport:prompt HW1_1.cpp HW1_1Dlg.cpp
         HW1_1Dlg.cpp
     1>d:\year4_1\imgprocess\hw1_f74074041_吳柏萱_v1\hw1_1\hw1_1\hw1_1dlg.cpp(231): warning C4305: '引數': 從 'double' 轉換為 'float'，是由較大的類型轉換為較小的類型，可能導致資料遺失
     1>d:\year4_1\imgprocess\hw1_f74074041_吳柏萱_v1\hw1_1\hw1_1\hw1_1dlg.cpp(302): warning C4244: '正在初始化': 將 'double' 轉換為 'int'，由於類型不同，可能導致資料遺失
     1>d:\year4_1\imgprocess\hw1_f74074041_吳柏萱_v1\hw1_1\hw1_1\hw1_1dlg.cpp(303): warning C4244: '正在初始化': 將 'double' 轉換為 'int'，由於類型不同，可能導致資料遺失
     1>d:\year4_1\imgprocess\hw1_f74074041_吳柏萱_v1\hw1_1\hw1_1\hw1_1dlg.cpp(304): warning C4244: '正在初始化': 將 'double' 轉換為 'int'，由於類型不同，可能導致資料遺失
     1>d:\year4_1\imgprocess\hw1_f74074041_吳柏萱_v1\hw1_1\hw1_1\hw1_1dlg.cpp(339): warning C4244: '+=': 將 'double' 轉換為 'uchar'，由於類型不同，可能導致資料遺失
     1>d:\year4_1\imgprocess\hw1_f74074041_吳柏萱_v1\hw1_1\hw1_1\hw1_1dlg.cpp(340): warning C4244: '+=': 將 'double' 轉換為 'uchar'，由於類型不同，可能導致資料遺失
     1>d:\year4_1\imgprocess\hw1_f74074041_吳柏萱_v1\hw1_1\hw1_1\hw1_1dlg.cpp(341): warning C4244: '+=': 將 'double' 轉換為 'uchar'，由於類型不同，可能導致資料遺失
     1>d:\year4_1\imgprocess\hw1_f74074041_吳柏萱_v1\hw1_1\hw1_1\hw1_1dlg.cpp(363): warning C4244: '=': 將 'double' 轉換為 'uchar'，由於類型不同，可能導致資料遺失
     1>d:\year4_1\imgprocess\hw1_f74074041_吳柏萱_v1\hw1_1\hw1_1\hw1_1dlg.cpp(364): warning C4244: '=': 將 'double' 轉換為 'uchar'，由於類型不同，可能導致資料遺失
     1>d:\year4_1\imgprocess\hw1_f74074041_吳柏萱_v1\hw1_1\hw1_1\hw1_1dlg.cpp(365): warning C4244: '=': 將 'double' 轉換為 'uchar'，由於類型不同，可能導致資料遺失
     1>d:\year4_1\imgprocess\hw1_f74074041_吳柏萱_v1\hw1_1\hw1_1\hw1_1dlg.cpp(385): warning C4101: 'j': 未參考的區域變數
     1>d:\year4_1\imgprocess\hw1_f74074041_吳柏萱_v1\hw1_1\hw1_1\hw1_1dlg.cpp(385): warning C4101: 'i': 未參考的區域變數
         HW1_1.cpp
         正在產生程式碼...
       ResourceCompile:
         C:\Program Files (x86)\Windows Kits\8.1\bin\x86\rc.exe /D _DEBUG /D _UNICODE /D UNICODE /l"0x0404" /Ix64\Debug\ /nologo /fo"x64\Debug\HW1_1.res" HW1_1.rc 
       Link:
         C:\Program Files (x86)\VC\bin\x86_amd64\link.exe /ERRORREPORT:PROMPT /OUT:"D:\year4_1\ImgProcess\HW1_F74074041_吳柏萱_V1\HW1_1\x64\Debug\HW1_1.exe" /INCREMENTAL /NOLOGO opencv_world331d.lib /MANIFEST /MANIFESTUAC:"level='asInvoker' uiAccess='false'" /manifest:embed /manifestinput:"C:\Program Files (x86)\VC\Include\Manifest\dpiaware.manifest" /Debug /PDB:"D:\year4_1\ImgProcess\HW1_F74074041_吳柏萱_V1\HW1_1\x64\Debug\HW1_1.pdb" /SUBSYSTEM:WINDOWS /TLBID:1 /ENTRY:"wWinMainCRTStartup" /DYNAMICBASE /NXCOMPAT /IMPLIB:"D:\year4_1\ImgProcess\HW1_F74074041_吳柏萱_V1\HW1_1\x64\Debug\HW1_1.lib" /MACHINE:X64 x64\Debug\HW1_1.res
         x64\Debug\HW1_1.obj
         x64\Debug\HW1_1Dlg.obj
         x64\Debug\stdafx.obj
         HW1_1.vcxproj -> D:\year4_1\ImgProcess\HW1_F74074041_吳柏萱_V1\HW1_1\x64\Debug\HW1_1.exe
     1>專案 "D:\year4_1\ImgProcess\HW1_F74074041_吳柏萱_V1\HW1_1\HW1_1\HW1_1.vcxproj" (Build 目標) 建置完成。

建置成功。

經過時間 00:00:09.81
